Received data: Mohammed, Umar, zamnasikuse@gmail.com, +94772452237, TechFix User
Database insertion successful
Received data: Mohammed, Umar, zamnasikuse@gmail.com, +94772452237, TechFix User
Email sent successfully
Received data: Mohammed, Umar, zamnasikuse@gmail.com, +94772452237, TechFix User
Database insertion successful
Email sent successfully
Received signup request for: zamnasikuse@gmail.com, Role: TechFix User
Received signup request for: zamnasikuse@gmail.com, Role: TechFix User
Database insertion successful
User verification email sent
Received signup request for: justuse14114@gmail.com, Role: Admin
Database insertion successful
Admin signup request email sent to owner
Received signup request for: justuse14114@gmail.com, Role: Admin
Database insertion successful
Admin signup request email sent to owner
Received signup request for: zamnasikuse@gmail.com, Role: Supplier
Database insertion successful
User verification email sent
Received signup request for: nasikbackup@gmail.com, Role: TechFix User
Database insertion successful
User verification email sent
Received signup request for: zamnasikuse@gmail.com, Role: Supplier
Database insertion successful
User verification email sent
Received signup request for: zamnasikuse@gmail.com, Role: Supplier
Database insertion successful
User verification email sent
Received signup request for: zamnasikuse@gmail.com, Role: Supplier
Database insertion successful
User verification email sent
Received signup request for: zamnasikuse@gmail.com, Role: Supplier
Received signup request for: zamnasikuse@gmail.com, Role: Supplier
Database insertion successful
User verification email sent
Received signup request for: nasikbackup@gmail.com, Role: TechFix User
Database insertion successful
User verification email sent
Received signup request for: nasikbackup@gmail.com, Role: Customer
Database insertion successful
User verification email sent
Received signup request for: nishamabdeen@gmail.com, Role: Customer
Database insertion successful
User verification email sent
Received signup request for: zamnasikuse@gmail.com, Role: Customer
Database insertion successful
User verification email sent
Received signup request for: nasikbackup@gmail.com, Role: Supplier
Database insertion successful
User verification email sent
Received signup request for: vihanganeth26118@gmail.com, Role: Customer
Database insertion successful
User verification email sent
